[debug] > Exec(early(addDefaultCommands), None, None)
[debug] > Exec(addDefaultCommands, None, None)
[debug] > Exec(early(initialize), None, None)
[debug] > Exec(initialize, None, None)
[debug] > Exec(boot, None, None)
[debug] > Exec(writeSbtVersion, None, None)
[debug] > Exec(reload, None, None)
[debug] > Exec(sbtStashOnFailure, None, None)
[debug] > Exec(onFailure loadFailed, None, None)
[debug] > Exec(loadp, None, None)
[info] welcome to sbt 1.8.3 (Oracle Corporation Java 19.0.2)
[debug]       Load.loadUnit: plugins took 203.523ms
[debug]       Load.loadUnit: defsScala took 0.4259ms
[debug] [Loading] Scanning directory C:\Users\Abhishek\.sbt\1.0\plugins
[debug] [Loading] Found non-root projects 
[debug] [Loading] Done in C:\Users\Abhishek\.sbt\1.0\plugins, returning: ()
[debug] deducing auto plugins based on known facts Set(Atom(sbt.plugins.CorePlugin)) and clauses Clauses(Clause(Atom(sbt.plugins.JvmPlugin),Set(Atom(sbt.plugins.IvyPlugin)))
[debug] Clause(Atom(sbt.ScriptedPlugin),Set(Atom(sbt.plugins.JvmPlugin)))
[debug] Clause(Atom(sbt.plugins.SbtPlugin),Set(Atom(sbt.ScriptedPlugin)))
[debug] Clause(Atom(sbt.plugins.SemanticdbPlugin),Set(Atom(sbt.plugins.JvmPlugin)))
[debug] Clause(Atom(sbt.plugins.JUnitXmlReportPlugin),Set(Atom(sbt.plugins.JvmPlugin)))
[debug] Clause(Atom(sbt.plugins.MiniDependencyTreePlugin),Set(Atom(sbt.plugins.JvmPlugin)))
[debug] Clause(Atom(sbt.plugins.CorePlugin),Set(Atom(sbt.plugins.IvyPlugin)))
[debug] Clause(Atom(sbt.plugins.IvyPlugin),Set(Atom(sbt.plugins.JvmPlugin)))
[debug] Clause(Atom(sbt.plugins.JvmPlugin),Set(Atom(sbt.plugins.SemanticdbPlugin)))
[debug] Clause(Atom(sbt.plugins.JvmPlugin),Set(Atom(sbt.plugins.JUnitXmlReportPlugin)))
[debug] Clause(Atom(sbt.plugins.CorePlugin),Set(Atom(sbt.plugins.Giter8TemplatePlugin)))
[debug] Clause(Atom(sbt.plugins.JvmPlugin),Set(Atom(sbt.plugins.MiniDependencyTreePlugin))))
[debug]   :: deduced result: Matched(sbt.plugins.CorePlugin,sbt.plugins.Giter8TemplatePlugin,sbt.plugins.IvyPlugin,sbt.plugins.JvmPlugin,sbt.plugins.MiniDependencyTreePlugin,sbt.plugins.JUnitXmlReportPlugin,sbt.plugins.SemanticdbPlugin)
[debug] Plugins.deducer#function took 37.4352 ms
[debug]           Load.resolveProject(global-plugins) took 77.359ms
[debug]         Load.loadTransitive: finalizeProject(Project(id global-plugins, base: C:\Users\Abhishek\.sbt\1.0\plugins, plugins: List(<none>))) took 159.3673ms
[debug] [Loading] Done in C:\Users\Abhishek\.sbt\1.0\plugins, returning: (global-plugins)
[debug]       Load.loadUnit: loadedProjectsRaw took 208.2522ms
[debug]       Load.loadUnit: cleanEvalClasses took 0.5386ms
[debug]     Load.loadUnit(file:/C:/Users/Abhishek/.sbt/1.0/plugins/, ...) took 429.1506ms
[debug]   Load.apply: load took 761.223ms
[debug]   Load.apply: resolveProjects took 12.4377ms
[debug]   Load.apply: finalTransforms took 99.0763ms
[debug]   Load.apply: config.delegates took 12.5905ms
[debug]   Load.apply: Def.make(settings)... took 766.9355ms
[debug]   Load.apply: structureIndex took 184.2405ms
[debug]   Load.apply: mkStreams took 2.0403ms
[info] loading global plugins from C:\Users\Abhishek\.sbt\1.0\plugins
[debug] Running task... Cancel: Signal, check cycles: false, forcegc: true
[debug] Load.defaultLoad until apply took 3852.4274ms
[debug]           Load.loadUnit: plugins took 39.0342ms
[debug]           Load.loadUnit: defsScala took 0.0056ms
[debug] [Loading] Scanning directory C:\Users\Abhishek\IdeaProjects\untitled\project
[debug] [Loading] Found non-root projects 
[debug] [Loading] Done in C:\Users\Abhishek\IdeaProjects\untitled\project, returning: ()
[debug] deducing auto plugins based on known facts Set(Atom(sbt.plugins.CorePlugin)) and clauses Clauses(Clause(Atom(sbt.plugins.JvmPlugin),Set(Atom(sbt.plugins.IvyPlugin)))
[debug] Clause(Atom(sbt.ScriptedPlugin),Set(Atom(sbt.plugins.JvmPlugin)))
[debug] Clause(Atom(sbt.plugins.SbtPlugin),Set(Atom(sbt.ScriptedPlugin)))
[debug] Clause(Atom(sbt.plugins.SemanticdbPlugin),Set(Atom(sbt.plugins.JvmPlugin)))
[debug] Clause(Atom(sbt.plugins.JUnitXmlReportPlugin),Set(Atom(sbt.plugins.JvmPlugin)))
[debug] Clause(Atom(sbt.plugins.MiniDependencyTreePlugin),Set(Atom(sbt.plugins.JvmPlugin)))
[debug] Clause(Atom(sbt.plugins.CorePlugin),Set(Atom(sbt.plugins.IvyPlugin)))
[debug] Clause(Atom(sbt.plugins.IvyPlugin),Set(Atom(sbt.plugins.JvmPlugin)))
[debug] Clause(Atom(sbt.plugins.JvmPlugin),Set(Atom(sbt.plugins.SemanticdbPlugin)))
[debug] Clause(Atom(sbt.plugins.JvmPlugin),Set(Atom(sbt.plugins.JUnitXmlReportPlugin)))
[debug] Clause(Atom(sbt.plugins.CorePlugin),Set(Atom(sbt.plugins.Giter8TemplatePlugin)))
[debug] Clause(Atom(sbt.plugins.JvmPlugin),Set(Atom(sbt.plugins.MiniDependencyTreePlugin))))
[debug]   :: deduced result: Matched(sbt.plugins.CorePlugin,sbt.plugins.Giter8TemplatePlugin,sbt.plugins.IvyPlugin,sbt.plugins.JvmPlugin,sbt.plugins.MiniDependencyTreePlugin,sbt.plugins.JUnitXmlReportPlugin,sbt.plugins.SemanticdbPlugin)
[debug] Plugins.deducer#function took 3.2204 ms
[debug]               Load.resolveProject(untitled-build) took 1.9988ms
[debug]             Load.loadTransitive: finalizeProject(Project(id untitled-build, base: C:\Users\Abhishek\IdeaProjects\untitled\project, plugins: List(<none>))) took 6.0462ms
[debug] [Loading] Done in C:\Users\Abhishek\IdeaProjects\untitled\project, returning: (untitled-build)
[debug]           Load.loadUnit: loadedProjectsRaw took 8.6682ms
[debug]           Load.loadUnit: cleanEvalClasses took 0.0226ms
[debug]         Load.loadUnit(file:/C:/Users/Abhishek/IdeaProjects/untitled/project/, ...) took 48.9539ms
[debug]       Load.apply: load took 52.2146ms
[debug]       Load.apply: resolveProjects took 0.1907ms
[debug]       Load.apply: finalTransforms took 15.4953ms
[debug]       Load.apply: config.delegates took 0.793ms
[debug]       Load.apply: Def.make(settings)... took 175.1451ms
[debug]       Load.apply: structureIndex took 55.7491ms
[debug]       Load.apply: mkStreams took 0.0029ms
[info] loading project definition from C:\Users\Abhishek\IdeaProjects\untitled\project
[debug] Running task... Cancel: Signal, check cycles: false, forcegc: true
[debug]     Load.loadUnit: plugins took 706.1696ms
[debug]     Load.loadUnit: defsScala took 0.0058ms
[debug] [Loading] Scanning directory C:\Users\Abhishek\IdeaProjects\untitled
[debug]       Load.loadUnit: mkEval took 6.7834ms
[debug] [Loading] Found root project root w/ remaining 
[debug] deducing auto plugins based on known facts Set(Atom(sbt.plugins.CorePlugin)) and clauses Clauses(Clause(Atom(sbt.plugins.JvmPlugin),Set(Atom(sbt.plugins.IvyPlugin)))
[debug] Clause(Atom(sbt.ScriptedPlugin),Set(Atom(sbt.plugins.JvmPlugin)))
[debug] Clause(Atom(sbt.plugins.SbtPlugin),Set(Atom(sbt.ScriptedPlugin)))
[debug] Clause(Atom(sbt.plugins.SemanticdbPlugin),Set(Atom(sbt.plugins.JvmPlugin)))
[debug] Clause(Atom(sbt.plugins.JUnitXmlReportPlugin),Set(Atom(sbt.plugins.JvmPlugin)))
[debug] Clause(Atom(sbt.plugins.MiniDependencyTreePlugin),Set(Atom(sbt.plugins.JvmPlugin)))
[debug] Clause(Atom(sbt.plugins.CorePlugin),Set(Atom(sbt.plugins.IvyPlugin)))
[debug] Clause(Atom(sbt.plugins.IvyPlugin),Set(Atom(sbt.plugins.JvmPlugin)))
[debug] Clause(Atom(sbt.plugins.JvmPlugin),Set(Atom(sbt.plugins.SemanticdbPlugin)))
[debug] Clause(Atom(sbt.plugins.JvmPlugin),Set(Atom(sbt.plugins.JUnitXmlReportPlugin)))
[debug] Clause(Atom(sbt.plugins.CorePlugin),Set(Atom(sbt.plugins.Giter8TemplatePlugin)))
[debug] Clause(Atom(sbt.plugins.JvmPlugin),Set(Atom(sbt.plugins.MiniDependencyTreePlugin))))
[debug]   :: deduced result: Matched(sbt.plugins.CorePlugin,sbt.plugins.Giter8TemplatePlugin,sbt.plugins.IvyPlugin,sbt.plugins.JvmPlugin,sbt.plugins.MiniDependencyTreePlugin,sbt.plugins.JUnitXmlReportPlugin,sbt.plugins.SemanticdbPlugin)
[debug] Plugins.deducer#function took 2.245 ms
[info] loading settings for project root from build.sbt ...
[debug]         Load.resolveProject(root) took 3.9555ms
[debug]       Load.loadTransitive: finalizeProject(Project(id root, base: C:\Users\Abhishek\IdeaProjects\untitled, plugins: List(<none>))) took 7.7132ms
[debug] [Loading] Done in C:\Users\Abhishek\IdeaProjects\untitled, returning: (root)
[debug]     Load.loadUnit: loadedProjectsRaw took 3063.3877ms
[debug]     Load.loadUnit: cleanEvalClasses took 32.8288ms
[debug]   Load.loadUnit(file:/C:/Users/Abhishek/IdeaProjects/untitled/, ...) took 3803.7778ms
[debug] Load.apply: load took 3806.0923ms
[debug] Load.apply: resolveProjects took 0.2361ms
[debug] Load.apply: finalTransforms took 12.0744ms
[debug] Load.apply: config.delegates took 0.8023ms
[debug] Load.apply: Def.make(settings)... took 98.7759ms
[debug] Load.apply: structureIndex took 43.5515ms
[debug] Load.apply: mkStreams took 0.0027ms
[info] set current project to Reviews (in build file:/C:/Users/Abhishek/IdeaProjects/untitled/)
[debug] > Exec(sbtPopOnFailure, None, None)
[debug] > Exec(resumeFromFailure, None, None)
[debug] > Exec(notifyUsersAboutShell, None, None)
[debug] > Exec(iflast shell, None, None)
[debug] > Exec(shell, None, None)
[info] sbt server started at local:sbt-server-d9231a3c2f757e3686dd
[debug] Writing bsp connection file
[info] started sbt server
